<?xml version="1.0" encoding="UTF-8"?>
<testsuite xmlns:xsi="http://www.w3.org/2001/XMLSchema-instance" xsi:noNamespaceSchemaLocation="https://maven.apache.org/surefire/maven-surefire-plugin/xsd/surefire-test-report.xsd" name="proyecto.test.UserTest" time="0.059" tests="4" errors="0" skipped="0" failures="0">
  <properties>
[...]
</properties>
  <testcase name="listarUsuariosTest" classname="proyecto.test.UserTest" time="0.015"/>
  <testcase name="actualizarUsuarioTest" classname="proyecto.test.UserTest" time="0.011"/>
  <testcase name="registrarUsuarioTest" classname="proyecto.test.UserTest" time="0.01"/>
  <testcase name="eliminarUsuarioTest" classname="proyecto.test.UserTest" time="0.012"/>
</testsuite>